<?xml version="1.0" encoding="UTF-8"?>
<testng-results ignored="0" total="2" passed="2" failed="0" skipped="0">
  <reporter-output>
  </reporter-output>
  <suite started-at="2024-04-08T09:58:40 IST" name="Default suite" finished-at="2024-04-08T09:58:44 IST" duration-ms="4072">
    <groups>
    </groups>
    <test started-at="2024-04-08T09:58:40 IST" name="Default test" finished-at="2024-04-08T09:58:44 IST" duration-ms="4072">
      <class name="DataProvider.AdminLoginTest">
        <test-method signature="login(java.lang.String,java.lang.String)[pri:0, instance:DataProvider.AdminLoginTest@7193666c]" started-at="2024-04-08T09:58:40 IST" name="login" data-provider="logindata" finished-at="2024-04-08T09:58:42 IST" duration-ms="2248" status="PASS">
          <params>
            <param index="0">
              <value>
                <![CDATA[admin1]]>
              </value>
            </param>
            <param index="1">
              <value>
                <![CDATA[Test@12345]]>
              </value>
            </param>
          </params>
          <reporter-output>
          </reporter-output>
        </test-method> <!-- login -->
        <test-method signature="login(java.lang.String,java.lang.String)[pri:0, instance:DataProvider.AdminLoginTest@7193666c]" started-at="2024-04-08T09:58:42 IST" name="login" data-provider="logindata" finished-at="2024-04-08T09:58:44 IST" duration-ms="1785" status="PASS">
          <params>
            <param index="0">
              <value>
                <![CDATA[admin]]>
              </value>
            </param>
            <param index="1">
              <value>
                <![CDATA[Test@12345]]>
              </value>
            </param>
          </params>
          <reporter-output>
          </reporter-output>
        </test-method> <!-- login -->
      </class> <!-- DataProvider.AdminLoginTest -->
    </test> <!-- Default test -->
  </suite> <!-- Default suite -->
</testng-results>
